<?xml version="1.0" encoding="UTF-8"?>
<!-- Generated by org.testng.reporters.JUnitReportReporter -->
<testsuite hostname="evy" failures="0" tests="1" name="testcases.AddTicketTest" time="10.957" errors="0" timestamp="2022-12-24T17:20:35 IST" skipped="0">
  <testcase classname="testcases.AddTicketTest" name="tc_addTicket" time="10.957"/>
  <system-out/>
</testsuite> <!-- testcases.AddTicketTest -->
