<?xml version="1.0" encoding="UTF-8"?>
<!-- Generated by org.testng.reporters.JUnitReportReporter -->
<testsuite hostname="evy" failures="0" tests="1" name="testcases.AddTaskTest" time="11.096" errors="0" timestamp="2022-12-24T17:20:35 IST" skipped="0">
  <testcase classname="testcases.AddTaskTest" name="tc_addTask" time="11.096"/>
  <system-out/>
</testsuite> <!-- testcases.AddTaskTest -->
